<?xml version="1.0" encoding="UTF-8"?>

<beans xmlns="http://www.springframework.org/schema/beans"
       xmlns:xsi="http://www.w3.org/2001/XMLSchema-instance"
       xsi:schemaLocation="http://www.springframework.org/schema/beans
	http://www.springframework.org/schema/beans/spring-beans.xsd">

    <bean id="addressFacade" class="hu.bme.aut.vshelter.dal.impl.AddressFacadeInMemoryImpl"/>
    <bean id="advertisementFacade" class="hu.bme.aut.vshelter.dal.impl.AdvertisementFacadeInMemoryImpl"/>
    <bean id="animalFacade" class="hu.bme.aut.vshelter.dal.impl.AnimalFacadeInMemoryImpl"/>
    <bean id="breedFacade" class="hu.bme.aut.vshelter.dal.impl.BreedFacadeInMemoryImpl"/>
    <bean id="diseaseFacade" class="hu.bme.aut.vshelter.dal.impl.DiseaseFacadeInMemoryImpl"/>
    <bean id="handicapFacade" class="hu.bme.aut.vshelter.dal.impl.HandicapFacadeInMemoryImpl"/>
    <bean id="institutionFacade" class="hu.bme.aut.vshelter.dal.impl.InstitutionFacadeInMemoryImpl"/>
    <bean id="pictureFacade" class="hu.bme.aut.vshelter.dal.impl.PictureFacadeInMemoryImpl"/>
    <bean id="speciesFacade" class="hu.bme.aut.vshelter.dal.impl.SpeciesFacadeInMemoryImpl"/>
    <bean id="userFacade" class="hu.bme.aut.vshelter.dal.impl.UserFacadeInMemoryImpl"/>

</beans>
